  main.c
C:\Users\USER\Desktop\hancom\variable_ex3_3\variable_ex3_3\main.c(16,9): warning C4477: 'printf' : 서식 문자열 '%d'에 'int' 형식의 인수가 필요하지만 variadic 인수 1의 형식이 'size_t'입니다.
      C:\Users\USER\Desktop\hancom\variable_ex3_3\variable_ex3_3\main.c(16,9):
      서식 문자열에서 '%zd'을(를) 사용하는 것이 좋습니다.
  
C:\Users\USER\Desktop\hancom\variable_ex3_3\variable_ex3_3\main.c(16,9): warning C4477: 'printf' : 서식 문자열 '%d'에 'int' 형식의 인수가 필요하지만 variadic 인수 2의 형식이 'unsigned __int64'입니다.
      C:\Users\USER\Desktop\hancom\variable_ex3_3\variable_ex3_3\main.c(16,9):
      서식 문자열에서 '%lld'을(를) 사용하는 것이 좋습니다.
      C:\Users\USER\Desktop\hancom\variable_ex3_3\variable_ex3_3\main.c(16,9):
      서식 문자열에서 '%Id'을(를) 사용하는 것이 좋습니다.
      C:\Users\USER\Desktop\hancom\variable_ex3_3\variable_ex3_3\main.c(16,9):
      서식 문자열에서 '%I64d'을(를) 사용하는 것이 좋습니다.
  
C:\Users\USER\Desktop\hancom\variable_ex3_3\variable_ex3_3\main.c(17,9): warning C4477: 'printf' : 서식 문자열 '%d'에 'int' 형식의 인수가 필요하지만 variadic 인수 1의 형식이 'size_t'입니다.
      C:\Users\USER\Desktop\hancom\variable_ex3_3\variable_ex3_3\main.c(17,9):
      서식 문자열에서 '%zd'을(를) 사용하는 것이 좋습니다.
  
C:\Users\USER\Desktop\hancom\variable_ex3_3\variable_ex3_3\main.c(17,9): warning C4477: 'printf' : 서식 문자열 '%d'에 'int' 형식의 인수가 필요하지만 variadic 인수 2의 형식이 'unsigned __int64'입니다.
      C:\Users\USER\Desktop\hancom\variable_ex3_3\variable_ex3_3\main.c(17,9):
      서식 문자열에서 '%lld'을(를) 사용하는 것이 좋습니다.
      C:\Users\USER\Desktop\hancom\variable_ex3_3\variable_ex3_3\main.c(17,9):
      서식 문자열에서 '%Id'을(를) 사용하는 것이 좋습니다.
      C:\Users\USER\Desktop\hancom\variable_ex3_3\variable_ex3_3\main.c(17,9):
      서식 문자열에서 '%I64d'을(를) 사용하는 것이 좋습니다.
  
C:\Users\USER\Desktop\hancom\variable_ex3_3\variable_ex3_3\main.c(18,9): warning C4477: 'printf' : 서식 문자열 '%d'에 'int' 형식의 인수가 필요하지만 variadic 인수 1의 형식이 'size_t'입니다.
      C:\Users\USER\Desktop\hancom\variable_ex3_3\variable_ex3_3\main.c(18,9):
      서식 문자열에서 '%zd'을(를) 사용하는 것이 좋습니다.
  
C:\Users\USER\Desktop\hancom\variable_ex3_3\variable_ex3_3\main.c(18,9): warning C4477: 'printf' : 서식 문자열 '%d'에 'int' 형식의 인수가 필요하지만 variadic 인수 2의 형식이 'unsigned __int64'입니다.
      C:\Users\USER\Desktop\hancom\variable_ex3_3\variable_ex3_3\main.c(18,9):
      서식 문자열에서 '%lld'을(를) 사용하는 것이 좋습니다.
      C:\Users\USER\Desktop\hancom\variable_ex3_3\variable_ex3_3\main.c(18,9):
      서식 문자열에서 '%Id'을(를) 사용하는 것이 좋습니다.
      C:\Users\USER\Desktop\hancom\variable_ex3_3\variable_ex3_3\main.c(18,9):
      서식 문자열에서 '%I64d'을(를) 사용하는 것이 좋습니다.
  
C:\Users\USER\Desktop\hancom\variable_ex3_3\variable_ex3_3\main.c(19,9): warning C4477: 'printf' : 서식 문자열 '%d'에 'int' 형식의 인수가 필요하지만 variadic 인수 1의 형식이 'size_t'입니다.
      C:\Users\USER\Desktop\hancom\variable_ex3_3\variable_ex3_3\main.c(19,9):
      서식 문자열에서 '%zd'을(를) 사용하는 것이 좋습니다.
  
C:\Users\USER\Desktop\hancom\variable_ex3_3\variable_ex3_3\main.c(19,9): warning C4477: 'printf' : 서식 문자열 '%d'에 'int' 형식의 인수가 필요하지만 variadic 인수 2의 형식이 'unsigned __int64'입니다.
      C:\Users\USER\Desktop\hancom\variable_ex3_3\variable_ex3_3\main.c(19,9):
      서식 문자열에서 '%lld'을(를) 사용하는 것이 좋습니다.
      C:\Users\USER\Desktop\hancom\variable_ex3_3\variable_ex3_3\main.c(19,9):
      서식 문자열에서 '%Id'을(를) 사용하는 것이 좋습니다.
      C:\Users\USER\Desktop\hancom\variable_ex3_3\variable_ex3_3\main.c(19,9):
      서식 문자열에서 '%I64d'을(를) 사용하는 것이 좋습니다.
  
  variable_ex3_3.vcxproj -> C:\Users\USER\Desktop\hancom\variable_ex3_3\x64\Debug\variable_ex3_3.exe
